<?xml version="1.0" encoding="UTF-8"?>
<testsuite xmlns:xsi="http://www.w3.org/2001/XMLSchema-instance" xsi:schemaLocation="https://maven.apache.org/surefire/maven-surefire-plugin/xsd/surefire-test-report.xsd" name="TestSuite" time="882.33" tests="7" errors="0" skipped="0" failures="1">
  <properties>
[...]
</properties>
  <testcase name="feature" classname="BDD.Cucumber.P1" time="106.649"/>
  <testcase name="feature" classname="BDD.Cucumber.P1" time="59.812"/>
  <testcase name="feature" classname="BDD.Cucumber.P1" time="130.36"/>
  <testcase name="feature" classname="BDD.Cucumber.P1" time="54.009"/>
  <testcase name="feature" classname="BDD.Cucumber.P1" time="111.047"/>
  <testcase name="feature" classname="BDD.Cucumber.P1" time="190.597">
    <failure message="org.openqa.selenium.NoSuchElementException: no such element: Unable to locate element: {&quot;method&quot;:&quot;xpath&quot;,&quot;selector&quot;:&quot;//input[contains(@name,&apos;protection&apos;) and @checked=&apos;&apos;]/../../span&quot;}&#10;  (Session info: chrome=61.0.3163.100)&#10;  (Driver info: chromedriver=2.30.477700 (0057494ad8732195794a7b32078424f92a5fce41),platform=Windows NT 6.1.7601 SP1 x86_64) (WARNING: The server did not provide any stacktrace information)&#10;Command duration or timeout: 40.02 seconds&#10;For documentation on this error, please visit: http://seleniumhq.org/exceptions/no_such_element.html&#10;Build info: version: &apos;2.53.1&apos;, revision: &apos;a36b8b1&apos;, time: &apos;2016-06-30 17:37:03&apos;&#10;System info: host: &apos;SHVLSP3114F1L&apos;, ip: &apos;192.168.56.1&apos;, os.name: &apos;Windows 7&apos;, os.arch: &apos;amd64&apos;, os.version: &apos;6.1&apos;, java.version: &apos;1.8.0_91&apos;&#10;Driver info: org.openqa.selenium.chrome.ChromeDriver&#10;Capabilities [{applicationCacheEnabled=false, rotatable=false, mobileEmulationEnabled=false, networkConnectionEnabled=false, chrome={chromedriverVersion=2.30.477700 (0057494ad8732195794a7b32078424f92a5fce41), userDataDir=C:\Users\PRASHA~1.VEL\AppData\Local\Temp\scoped_dir8332_19288}, takesHeapSnapshot=true, pageLoadStrategy=normal, databaseEnabled=false, handlesAlerts=true, hasTouchScreen=false, version=61.0.3163.100, platform=XP, browserConnectionEnabled=false, nativeEvents=true, acceptSslCerts=true, locationContextEnabled=true, webStorageEnabled=true, browserName=chrome, takesScreenshot=true, javascriptEnabled=true, cssSelectorsEnabled=true, unexpectedAlertBehaviour=}]&#10;Session ID: 3c5cb0d48ccaee76e3607a36be2a30b7&#10;*** Element info: {Using=xpath, value=//input[contains(@name,&apos;protection&apos;) and @checked=&apos;&apos;]/../../span}" type="cucumber.runtime.CucumberException">cucumber.runtime.CucumberException: 
org.openqa.selenium.NoSuchElementException: no such element: Unable to locate element: {"method":"xpath","selector":"//input[contains(@name,'protection') and @checked='']/../../span"}
  (Session info: chrome=61.0.3163.100)
  (Driver info: chromedriver=2.30.477700 (0057494ad8732195794a7b32078424f92a5fce41),platform=Windows NT 6.1.7601 SP1 x86_64) (WARNING: The server did not provide any stacktrace information)
Command duration or timeout: 40.02 seconds
For documentation on this error, please visit: http://seleniumhq.org/exceptions/no_such_element.html
Build info: version: '2.53.1', revision: 'a36b8b1', time: '2016-06-30 17:37:03'
System info: host: 'SHVLSP3114F1L', ip: '192.168.56.1', os.name: 'Windows 7', os.arch: 'amd64', os.version: '6.1', java.version: '1.8.0_91'
Driver info: org.openqa.selenium.chrome.ChromeDriver
Capabilities [{applicationCacheEnabled=false, rotatable=false, mobileEmulationEnabled=false, networkConnectionEnabled=false, chrome={chromedriverVersion=2.30.477700 (0057494ad8732195794a7b32078424f92a5fce41), userDataDir=C:\Users\PRASHA~1.VEL\AppData\Local\Temp\scoped_dir8332_19288}, takesHeapSnapshot=true, pageLoadStrategy=normal, databaseEnabled=false, handlesAlerts=true, hasTouchScreen=false, version=61.0.3163.100, platform=XP, browserConnectionEnabled=false, nativeEvents=true, acceptSslCerts=true, locationContextEnabled=true, webStorageEnabled=true, browserName=chrome, takesScreenshot=true, javascriptEnabled=true, cssSelectorsEnabled=true, unexpectedAlertBehaviour=}]
Session ID: 3c5cb0d48ccaee76e3607a36be2a30b7
*** Element info: {Using=xpath, value=//input[contains(@name,'protection') and @checked='']/../../span}
Caused by: org.openqa.selenium.NoSuchElementException: 
no such element: Unable to locate element: {"method":"xpath","selector":"//input[contains(@name,'protection') and @checked='']/../../span"}
  (Session info: chrome=61.0.3163.100)
  (Driver info: chromedriver=2.30.477700 (0057494ad8732195794a7b32078424f92a5fce41),platform=Windows NT 6.1.7601 SP1 x86_64) (WARNING: The server did not provide any stacktrace information)
Command duration or timeout: 40.02 seconds
For documentation on this error, please visit: http://seleniumhq.org/exceptions/no_such_element.html
Build info: version: '2.53.1', revision: 'a36b8b1', time: '2016-06-30 17:37:03'
System info: host: 'SHVLSP3114F1L', ip: '192.168.56.1', os.name: 'Windows 7', os.arch: 'amd64', os.version: '6.1', java.version: '1.8.0_91'
Driver info: org.openqa.selenium.chrome.ChromeDriver
Capabilities [{applicationCacheEnabled=false, rotatable=false, mobileEmulationEnabled=false, networkConnectionEnabled=false, chrome={chromedriverVersion=2.30.477700 (0057494ad8732195794a7b32078424f92a5fce41), userDataDir=C:\Users\PRASHA~1.VEL\AppData\Local\Temp\scoped_dir8332_19288}, takesHeapSnapshot=true, pageLoadStrategy=normal, databaseEnabled=false, handlesAlerts=true, hasTouchScreen=false, version=61.0.3163.100, platform=XP, browserConnectionEnabled=false, nativeEvents=true, acceptSslCerts=true, locationContextEnabled=true, webStorageEnabled=true, browserName=chrome, takesScreenshot=true, javascriptEnabled=true, cssSelectorsEnabled=true, unexpectedAlertBehaviour=}]
Session ID: 3c5cb0d48ccaee76e3607a36be2a30b7
*** Element info: {Using=xpath, value=//input[contains(@name,'protection') and @checked='']/../../span}
</failure>
    <system-out><![CDATA[#Author: prashanth.veldandi@valuelabs.com(QA3)
@SIRegression @Desktop @Thread1 @Protection
Feature: Protection Plan (desktop)
 INFO [main] (BeforeAfterHooks.java:32)- Cookies Deleted
 INFO [main] (BeforeAfterHooks.java:34)- Execution was started on browser ::chrome
 INFO [main] (BeforeAfterHooks.java:36)- (1552, 841)
 INFO [main] (commonStepDefinations.java:212)- User navigate to sharperimage website
 INFO [main] (ReUsablesKeywords.java:73)- mini cart value A_SHOW_MINICART
 INFO [main] (ReUsablesKeywords.java:88)- java.lang.NullPointerException
 INFO [main] (commonStepDefinations.java:230)- A_SHOW_MINICART
 INFO [main] (commonStepDefinations.java:314)- User able to see the Homepage with Categorie
 INFO [main] (commonStepDefinations.java:92)- A_PROTECTION_PLAN

  Background:                                                                   &amp#27;[90m# FeaureFiles/SharperImageWeb/ProtectionPlan.feature:5&amp#27;[0m
    &amp#27;[32mGiven &amp#27;[0m&amp#27;[32mUser navigate to sharperimage website&amp#27;[0m                                 &amp#27;[90m# commonStepDefinations.user_navigate_to_sharperimage_website()&amp#27;[0m
    &amp#27;[32mThen &amp#27;[0m&amp#27;[32mUser able to see the Homepage with Categories&amp#27;[0m                          &amp#27;[90m# commonStepDefinations.user_able_to_see_the_Homepage_with_Categories()&amp#27;[0m
    &amp#27;[32mGiven &amp#27;[0m&amp#27;[32mUser set the "&amp#27;[0m&amp#27;[32m&amp#27;[1mABTest_ProtectionPlan&amp#27;[0m&amp#27;[32m" cookie value "&amp#27;[0m&amp#27;[32m&amp#27;[1mA_PROTECTION_PLAN&amp#27;[0m&amp#27;[32m"&amp#27;[0m &amp#27;[90m# commonStepDefinations.user_set_the_something_cookie_value_something(String,String)&amp#27;[0m
 INFO [main] (commonStepDefinations.java:521)- User check that the browser title contains Popcorn Trolley
 INFO [main] (commonStepDefinations.java:812)- User able to see Popcorn Trolley text on page
 INFO [main] (commonStepDefinations.java:812)- User able to see Item # 201697 text on page
2

  @P1
  Scenario: User should able to add protection plan for single item(Desktop)                                                         &amp#27;[90m# FeaureFiles/SharperImageWeb/ProtectionPlan.feature:11&amp#27;[0m
    &amp#27;[32mWhen &amp#27;[0m&amp#27;[32mUser search with "&amp#27;[0m&amp#27;[32m&amp#27;[1m201697&amp#27;[0m&amp#27;[32m"&amp#27;[0m                                                                                                   &amp#27;[90m# commonStepDefinations.user_search_with_something(String)&amp#27;[0m
    &amp#27;[32mThen &amp#27;[0m&amp#27;[32mUser check that the browser title contains "&amp#27;[0m&amp#27;[32m&amp#27;[1mPopcorn Trolley&amp#27;[0m&amp#27;[32m"&amp#27;[0m                                                                &amp#27;[90m# commonStepDefinations.user_check_that_the_browser_title_contains_something(String)&amp#27;[0m
    &amp#27;[32mAnd &amp#27;[0m&amp#27;[32mUser able to see below text on page&amp#27;[0m                                                                                          &amp#27;[90m# commonStepDefinations.user_able_to_see_below_text_on_page(String>)&amp#27;[0m
    &amp#27;[32mWhen &amp#27;[0m&amp#27;[32mUser Click the protection plan &amp#27;[0m&amp#27;[32m&amp#27;[1m1&amp#27;[0m                                                                                            &amp#27;[90m# SharperImage.user_click_the_protection_plan_1(int)&amp#27;[0m
    &amp#27;[32mWhen &amp#27;[0m&amp#27;[32mUser Click the button "&amp#27;[0m&amp#27;[32m&amp#27;[1mAdd To Cart&amp#27;[0m&amp#27;[32m"&amp#27;[0m                                                                                         &amp#27;[90m# commonStepDefinations.user_click_the_button_something(String)&amp#27;[0m
    &amp#27;[32mWhen &amp#27;[0m&amp#27;[32mUser should select quantity as &amp#27;[0m&amp#27;[32m&amp#27;[1m2&amp#27;[0m                                                                                            &amp#27;[90m# SharperImage.user_should_select_quantity_as(int)&amp#27;[0m
    &amp#27;[31mThen &amp#27;[0m&amp#27;[31mUser able to validate the total price with protection plan&amp#27;[0m                                                                  &amp#27;[90m# SharperImage.user_able_to_validate_the_total_price_with_protection_plan()&amp#27;[0m
      &amp#27;[31morg.openqa.selenium.NoSuchElementException: no such element: Unable to locate element: {"method":"xpath","selector":"//input[contains(@name,'protection') and @checked='']/../../span"}
        (Session info: chrome=61.0.3163.100)
        (Driver info: chromedriver=2.30.477700 (0057494ad8732195794a7b32078424f92a5fce41),platform=Windows NT 6.1.7601 SP1 x86_64) (WARNING: The server did not provide any stacktrace information)
      Command duration or timeout: 40.02 seconds
      For documentation on this error, please visit: http://seleniumhq.org/exceptions/no_such_element.html
      Build info: version: '2.53.1', revision: 'a36b8b1', time: '2016-06-30 17:37:03'
      System info: host: 'SHVLSP3114F1L', ip: '192.168.56.1', os.name: 'Windows 7', os.arch: 'amd64', os.version: '6.1', java.version: '1.8.0_91'
      Driver info: org.openqa.selenium.chrome.ChromeDriver
      Capabilities [{applicationCacheEnabled=false, rotatable=false, mobileEmulationEnabled=false, networkConnectionEnabled=false, chrome={chromedriverVersion=2.30.477700 (0057494ad8732195794a7b32078424f92a5fce41), userDataDir=C:\Users\PRASHA~1.VEL\AppData\Local\Temp\scoped_dir8332_19288}, takesHeapSnapshot=true, pageLoadStrategy=normal, databaseEnabled=false, handlesAlerts=true, hasTouchScreen=false, version=61.0.3163.100, platform=XP, browserConnectionEnabled=false, nativeEvents=true, acceptSslCerts=true, locationContextEnabled=true, webStorageEnabled=true, browserName=chrome, takesScreenshot=true, javascriptEnabled=true, cssSelectorsEnabled=true, unexpectedAlertBehaviour=}]
      Session ID: 3c5cb0d48ccaee76e3607a36be2a30b7
      *** Element info: {Using=xpath, value=//input[contains(@name,'protection') and @checked='']/../../span}
      	at sun.reflect.NativeConstructorAccessorImpl.newInstance0(Native Method)
      	at sun.reflect.NativeConstructorAccessorImpl.newInstance(NativeConstructorAccessorImpl.java:62)
      	at sun.reflect.DelegatingConstructorAccessorImpl.newInstance(DelegatingConstructorAccessorImpl.java:45)
      	at java.lang.reflect.Constructor.newInstance(Constructor.java:423)
      	at org.openqa.selenium.remote.ErrorHandler.createThrowable(ErrorHandler.java:206)
      	at org.openqa.selenium.remote.ErrorHandler.throwIfResponseFailed(ErrorHandler.java:158)
      	at org.openqa.selenium.remote.RemoteWebDriver.execute(RemoteWebDriver.java:678)
      	at org.openqa.selenium.remote.RemoteWebDriver.findElement(RemoteWebDriver.java:363)
      	at org.openqa.selenium.remote.RemoteWebDriver.findElementByXPath(RemoteWebDriver.java:500)
      	at org.openqa.selenium.By$ByXPath.findElement(By.java:361)
      	at org.openqa.selenium.remote.RemoteWebDriver.findElement(RemoteWebDriver.java:355)
      	at BDD.Cucumber.StepDefinations.SharperImage.user_able_to_validate_the_total_price_with_protection_plan(SharperImage.java:572)
      	at ?.Then User able to validate the total price with protection plan(FeaureFiles/SharperImageWeb/ProtectionPlan.feature:20)
      &amp#27;[0m
    &amp#27;[36mThen &amp#27;[0m&amp#27;[36mUser check that the browser title contains "&amp#27;[0m&amp#27;[36m&amp#27;[1mShopping Cart&amp#27;[0m&amp#27;[36m"&amp#27;[0m                                                                  &amp#27;[90m# commonStepDefinations.user_check_that_the_browser_title_contains_something(String)&amp#27;[0m
    &amp#27;[36mWhen &amp#27;[0m&amp#27;[36mUser Click the button "&amp#27;[0m&amp#27;[36m&amp#27;[1mCheckout&amp#27;[0m&amp#27;[36m"&amp#27;[0m                                                                                            &amp#27;[90m# commonStepDefinations.user_click_the_button_something(String)&amp#27;[0m
    &amp#27;[36mThen &amp#27;[0m&amp#27;[36mUser check that the browser title contains "&amp#27;[0m&amp#27;[36m&amp#27;[1mShipping Billing&amp#27;[0m&amp#27;[36m"&amp#27;[0m                                                               &amp#27;[90m# commonStepDefinations.user_check_that_the_browser_title_contains_something(String)&amp#27;[0m
    &amp#27;[36mThen &amp#27;[0m&amp#27;[36mUser should enter Mandatory fields like &amp#27;[0m&amp#27;[36m&amp#27;[1mfirstname&amp#27;[0m&amp#27;[36m,&amp#27;[0m&amp#27;[36m&amp#27;[1mlastname&amp#27;[0m&amp#27;[36m,&amp#27;[0m&amp#27;[36m&amp#27;[1m2444 Merchant Ave 103&amp#27;[0m&amp#27;[36m, &amp#27;[0m&amp#27;[36m&amp#27;[1mOdessa&amp#27;[0m&amp#27;[36m,&amp#27;[0m&amp#27;[36m&amp#27;[1mFL&amp#27;[0m&amp#27;[36m,&amp#27;[0m&amp#27;[36m&amp#27;[1m33556&amp#27;[0m&amp#27;[36m,&amp#27;[0m&amp#27;[36m&amp#27;[1m7272648454&amp#27;[0m&amp#27;[36m,&amp#27;[0m&amp#27;[36m&amp#27;[1mtest@gmail.com&amp#27;[0m &amp#27;[90m# SharperImage.user_should_enter_mandatory_fields_like_(String,String,String,String,String,String,String,String)&amp#27;[0m
    &amp#27;[36mWhen &amp#27;[0m&amp#27;[36mUser Click the button "&amp#27;[0m&amp#27;[36m&amp#27;[1mCheckout as a guest&amp#27;[0m&amp#27;[36m"&amp#27;[0m                                                                                 &amp#27;[90m# commonStepDefinations.user_click_the_button_something(String)&amp#27;[0m
    &amp#27;[36mThen &amp#27;[0m&amp#27;[36mUser check that the browser title contains "&amp#27;[0m&amp#27;[36m&amp#27;[1mPayment&amp#27;[0m&amp#27;[36m"&amp#27;[0m                                                                        &amp#27;[90m# commonStepDefinations.user_check_that_the_browser_title_contains_something(String)&amp#27;[0m
    &amp#27;[36mAnd &amp#27;[0m&amp#27;[36mUser should enter valid card details&amp#27;[0m                                                                                         &amp#27;[90m# SharperImage.user_should_enter_valid_card_details()&amp#27;[0m
]]></system-out>
  </testcase>
  <testcase name="feature" classname="BDD.Cucumber.P1" time="214.851"/>
</testsuite>