<?xml version="1.0" encoding="UTF-8"?>
<testng-results skipped="0" failed="0" total="1" passed="1">
  <reporter-output>
  </reporter-output>
  <suite name="Default suite" duration-ms="12333" started-at="2017-05-09T11:10:24Z" finished-at="2017-05-09T11:10:36Z">
    <groups>
    </groups>
    <test name="Default test" duration-ms="12333" started-at="2017-05-09T11:10:24Z" finished-at="2017-05-09T11:10:36Z">
      <class name="BDD.Cucumber.Core.Sendmail">
        <test-method status="PASS" signature="mail()[pri:0, instance:BDD.Cucumber.Core.Sendmail@5bcab519]" name="mail" duration-ms="12282" started-at="2017-05-09T16:40:24Z" finished-at="2017-05-09T16:40:36Z">
          <reporter-output>
          </reporter-output>
        </test-method> <!-- mail -->
      </class> <!-- BDD.Cucumber.Core.Sendmail -->
    </test> <!-- Default test -->
  </suite> <!-- Default suite -->
</testng-results>
